2025-02-23 15:19:00,397 INFO: App startup [in d:\MenuQR\app\__init__.py:65]
2025-02-23 15:19:01,614 INFO: App startup [in d:\MenuQR\app\__init__.py:65]
2025-02-23 15:21:21,995 INFO: Saved gallery file: D:\MenuQR\static\gallery\gallery_2_Elephant_Falls_4.png [in d:\MenuQR\app\gallery.py:33]
2025-02-23 15:21:31,473 INFO: Saved gallery file: D:\MenuQR\static\gallery\gallery_2_Elephant_Falls_3.png [in d:\MenuQR\app\gallery.py:33]
2025-02-23 15:21:31,476 INFO: Saved gallery file: D:\MenuQR\static\gallery\gallery_2_dagshai_Jail.png [in d:\MenuQR\app\gallery.py:33]
2025-02-23 15:21:31,477 INFO: Saved gallery file: D:\MenuQR\static\gallery\gallery_2_nathuram-9_1611992238.jpg [in d:\MenuQR\app\gallery.py:33]
2025-02-23 15:26:54,220 INFO: App startup [in d:\MenuQR\app\__init__.py:65]
2025-02-23 15:26:55,449 INFO: App startup [in d:\MenuQR\app\__init__.py:65]
2025-02-23 15:58:02,352 INFO: App startup [in d:\MenuQR\app\__init__.py:65]
2025-02-23 15:58:03,566 INFO: App startup [in d:\MenuQR\app\__init__.py:65]
2025-02-23 15:59:10,049 INFO: Saved gallery file: D:\MenuQR\static\gallery\gallery_10_Elephant_Falls_3.png [in d:\MenuQR\app\gallery.py:36]
2025-02-23 15:59:10,052 INFO: Saved gallery file: D:\MenuQR\static\gallery\gallery_10_dagshai_Jail.png [in d:\MenuQR\app\gallery.py:36]
2025-02-23 18:15:43,807 INFO: App startup [in d:\MenuQR\app\__init__.py:65]
2025-02-23 18:15:46,171 INFO: App startup [in d:\MenuQR\app\__init__.py:65]
2025-02-23 18:23:26,599 INFO: App startup [in d:\MenuQR\app\__init__.py:65]
2025-02-23 18:23:28,779 INFO: App startup [in d:\MenuQR\app\__init__.py:65]
2025-02-23 18:37:35,260 INFO: App startup [in d:\MenuQR\app\__init__.py:65]
2025-02-23 18:37:37,451 INFO: App startup [in d:\MenuQR\app\__init__.py:65]
2025-02-23 18:41:20,839 INFO: App startup [in d:\MenuQR\app\__init__.py:65]
2025-02-23 18:41:23,134 INFO: App startup [in d:\MenuQR\app\__init__.py:65]
2025-02-23 19:03:34,902 INFO: App startup [in d:\MenuQR\app\__init__.py:65]
2025-02-23 19:03:37,277 INFO: App startup [in d:\MenuQR\app\__init__.py:65]
2025-02-23 19:10:48,543 INFO: App startup [in d:\MenuQR\app\__init__.py:65]
2025-02-23 19:10:50,770 INFO: App startup [in d:\MenuQR\app\__init__.py:65]
2025-02-23 19:18:15,774 INFO: App startup [in d:\MenuQR\app\__init__.py:65]
2025-02-23 19:18:18,022 INFO: App startup [in d:\MenuQR\app\__init__.py:65]
2025-02-23 19:26:07,641 INFO: App startup [in d:\MenuQR\app\__init__.py:65]
2025-02-23 19:26:09,885 INFO: App startup [in d:\MenuQR\app\__init__.py:65]
2025-02-23 19:27:37,429 INFO: Saved gallery file: D:\MenuQR\static\gallery\gallery_11_Elephant_Falls_3.png [in d:\MenuQR\app\gallery.py:34]
2025-02-23 19:42:43,833 INFO: App startup [in d:\MenuQR\app\__init__.py:65]
2025-02-23 19:42:46,174 INFO: App startup [in d:\MenuQR\app\__init__.py:65]
2025-02-23 19:47:27,531 INFO: App startup [in d:\MenuQR\app\__init__.py:65]
2025-02-23 19:49:24,226 INFO: App startup [in d:\MenuQR\app\__init__.py:65]
2025-02-23 19:49:25,464 INFO: App startup [in d:\MenuQR\app\__init__.py:65]
2025-02-23 19:52:17,627 INFO: App startup [in d:\MenuQR\app\__init__.py:65]
2025-02-23 19:52:18,875 INFO: App startup [in d:\MenuQR\app\__init__.py:65]
2025-02-23 19:57:13,754 INFO: App startup [in d:\MenuQR\app\__init__.py:65]
2025-02-23 19:57:14,989 INFO: App startup [in d:\MenuQR\app\__init__.py:65]
2025-02-23 19:58:28,036 INFO: App startup [in d:\MenuQR\app\__init__.py:65]
2025-02-23 19:58:29,293 INFO: App startup [in d:\MenuQR\app\__init__.py:65]
2025-02-25 10:01:20,995 INFO: App startup [in d:\Final\MenuQRFinal\MenuQR\app\__init__.py:65]
2025-02-25 10:02:11,710 INFO: App startup [in d:\Final\MenuQRFinal\MenuQR\app\__init__.py:65]
2025-02-25 10:02:14,288 INFO: App startup [in d:\Final\MenuQRFinal\MenuQR\app\__init__.py:65]
2025-02-25 10:17:27,495 INFO: App startup [in d:\Final\MenuQRFinal\MenuQR\app\__init__.py:65]
2025-02-25 10:17:29,326 INFO: App startup [in d:\Final\MenuQRFinal\MenuQR\app\__init__.py:65]
2025-02-25 10:20:08,079 INFO: Saved gallery file: D:\Final\MenuQRFinal\MenuQR\static\gallery\gallery_15_yeh_Safar.png [in d:\Final\MenuQRFinal\MenuQR\app\gallery.py:35]
2025-02-25 10:20:08,085 INFO: Saved gallery file: D:\Final\MenuQRFinal\MenuQR\static\gallery\gallery_15_3.png [in d:\Final\MenuQRFinal\MenuQR\app\gallery.py:35]
2025-02-26 09:58:45,612 INFO: App startup [in d:\Urqrs\MenuQR\app\__init__.py:65]
2025-02-26 09:58:47,611 INFO: App startup [in d:\Urqrs\MenuQR\app\__init__.py:65]
2025-02-26 10:22:23,269 INFO: App startup [in d:\Urqrs\MenuQR\app\__init__.py:65]
2025-02-26 10:24:35,149 INFO: App startup [in d:\Urqrs\MenuQR\app\__init__.py:65]
2025-02-26 10:25:28,831 INFO: App startup [in d:\Urqrs\MenuQR\app\__init__.py:65]
2025-02-26 10:26:47,882 INFO: App startup [in d:\Urqrs\MenuQR\app\__init__.py:65]
2025-02-26 10:28:36,817 INFO: App startup [in d:\Urqrs\MenuQR\app\__init__.py:65]
2025-02-26 10:32:10,944 INFO: App startup [in d:\Urqrs\MenuQR\app\__init__.py:67]
2025-02-26 10:32:11,634 INFO: App startup [in d:\Urqrs\MenuQR\app\__init__.py:67]
2025-02-26 10:32:11,634 INFO: App startup [in d:\Urqrs\MenuQR\app\__init__.py:67]
2025-02-26 10:32:11,726 INFO: App startup [in d:\Urqrs\MenuQR\app\__init__.py:67]
2025-02-26 10:32:11,726 INFO: App startup [in d:\Urqrs\MenuQR\app\__init__.py:67]
2025-02-26 10:32:11,726 INFO: App startup [in d:\Urqrs\MenuQR\app\__init__.py:67]
2025-02-26 10:33:42,711 INFO: App startup [in d:\Urqrs\MenuQR\app\__init__.py:67]
2025-02-26 10:33:44,611 INFO: App startup [in d:\Urqrs\MenuQR\app\__init__.py:67]
2025-02-26 10:35:42,628 ERROR: Razorpay order creation failed: checkout.html [in d:\Urqrs\MenuQR\app\subscription.py:53]
2025-02-26 10:43:39,731 INFO: App startup [in d:\Urqrs\MenuQR\app\__init__.py:67]
2025-02-26 10:43:41,670 INFO: App startup [in d:\Urqrs\MenuQR\app\__init__.py:67]
2025-02-26 11:10:17,670 INFO: App startup [in D:\Urqrs\MenuQR\app\__init__.py:67]
2025-02-26 11:10:29,356 INFO: App startup [in D:\Urqrs\MenuQR\app\__init__.py:67]
2025-02-26 11:10:31,335 INFO: App startup [in D:\Urqrs\MenuQR\app\__init__.py:67]
2025-02-26 11:11:05,293 INFO: App startup [in D:\Urqrs\MenuQR\app\__init__.py:67]
2025-02-26 11:11:12,515 INFO: App startup [in D:\Urqrs\MenuQR\app\__init__.py:67]
2025-02-26 11:11:14,530 INFO: App startup [in D:\Urqrs\MenuQR\app\__init__.py:67]
2025-02-26 11:12:43,269 INFO: App startup [in D:\Urqrs\MenuQR\app\__init__.py:67]
2025-02-26 11:12:45,740 INFO: App startup [in D:\Urqrs\MenuQR\app\__init__.py:67]
2025-02-26 11:12:48,288 INFO: App startup [in D:\Urqrs\MenuQR\app\__init__.py:67]
2025-02-26 11:14:05,828 INFO: App startup [in d:\Urqrs\MenuQR\app\__init__.py:67]
2025-02-26 11:14:07,757 INFO: App startup [in d:\Urqrs\MenuQR\app\__init__.py:67]
2025-02-26 11:32:53,105 INFO: App startup [in d:\Urqrs\MenuQR\app\__init__.py:67]
2025-02-26 11:32:55,292 INFO: App startup [in d:\Urqrs\MenuQR\app\__init__.py:67]
2025-02-26 11:41:17,103 INFO: App startup [in d:\Urqrs\MenuQR\app\__init__.py:67]
2025-02-26 11:41:19,547 INFO: App startup [in d:\Urqrs\MenuQR\app\__init__.py:67]
2025-02-26 12:07:04,286 INFO: App startup [in d:\Urqrs\MenuQR\app\__init__.py:67]
2025-02-26 12:07:06,232 INFO: App startup [in d:\Urqrs\MenuQR\app\__init__.py:67]
2025-02-26 12:08:38,489 INFO: App startup [in d:\Urqrs\MenuQR\app\__init__.py:67]
2025-02-26 12:08:40,398 INFO: App startup [in d:\Urqrs\MenuQR\app\__init__.py:67]
2025-02-26 12:11:26,903 INFO: App startup [in d:\Urqrs\MenuQR\app\__init__.py:67]
2025-02-26 12:11:28,954 INFO: App startup [in d:\Urqrs\MenuQR\app\__init__.py:67]
2025-02-26 12:12:15,018 INFO: App startup [in d:\Urqrs\MenuQR\app\__init__.py:67]
2025-02-26 12:12:17,296 INFO: App startup [in d:\Urqrs\MenuQR\app\__init__.py:67]
2025-02-26 12:14:38,017 INFO: App startup [in d:\Urqrs\MenuQR\app\__init__.py:67]
2025-02-26 12:14:39,955 INFO: App startup [in d:\Urqrs\MenuQR\app\__init__.py:67]
2025-02-26 12:28:52,098 INFO: App startup [in d:\Urqrs\MenuQR\app\__init__.py:67]
2025-02-26 12:28:54,148 INFO: App startup [in d:\Urqrs\MenuQR\app\__init__.py:67]
2025-02-26 14:23:59,383 INFO: App startup [in d:\Urqrs\PR\MenuQRPR\MenuQR\app\__init__.py:67]
